<?xml version="1.0" encoding="UTF-8"?>
<testsuites name="jest tests" tests="23" failures="0" errors="0" time="1.092">
  <testsuite name="Teste de Funções Base" errors="0" failures="0" skipped="0" timestamp="2025-05-16T12:43:19" time="0.876" tests="23">
    <testcase classname="Teste de Funções Base Aplicar desconto com valor maior que desconto" name="Teste de Funções Base Aplicar desconto com valor maior que desconto" time="0.008">
    </testcase>
    <testcase classname="Teste de Funções Base Aplicar desconto com valor igual ao desconto" name="Teste de Funções Base Aplicar desconto com valor igual ao desconto" time="0.005">
    </testcase>
    <testcase classname="Teste de Funções Base Aplicar desconto com desconto maior que valor" name="Teste de Funções Base Aplicar desconto com desconto maior que valor" time="0.001">
    </testcase>
    <testcase classname="Teste de Funções Base Calcula custo básico de container 20ft" name="Teste de Funções Base Calcula custo básico de container 20ft" time="0.001">
    </testcase>
    <testcase classname="Teste de Funções Base Calcula custo de container 40ft com acabamento intermediário" name="Teste de Funções Base Calcula custo de container 40ft com acabamento intermediário" time="0.001">
    </testcase>
    <testcase classname="Teste de Funções Base Calcula custo com valores padrão para parâmetros opcionais" name="Teste de Funções Base Calcula custo com valores padrão para parâmetros opcionais" time="0">
    </testcase>
    <testcase classname="Teste do BaseController datetime retorna data e hora ISO" name="Teste do BaseController datetime retorna data e hora ISO" time="0.004">
    </testcase>
    <testcase classname="Teste do BaseController data retorna data e hora ISO" name="Teste do BaseController data retorna data e hora ISO" time="0">
    </testcase>
    <testcase classname="Teste do BaseController concat retorna valor concatenado com frase fixa" name="Teste do BaseController concat retorna valor concatenado com frase fixa" time="0.001">
    </testcase>
    <testcase classname="Teste do BaseController concat retorna erro quando valor não é fornecido" name="Teste do BaseController concat retorna erro quando valor não é fornecido" time="0.001">
    </testcase>
    <testcase classname="Teste do BaseController calcularCustoCasaContainer calcula o custo total" name="Teste do BaseController calcularCustoCasaContainer calcula o custo total" time="0.001">
    </testcase>
    <testcase classname="Teste do BaseController calcularCustoCasaContainer retorna erro em caso de falha" name="Teste do BaseController calcularCustoCasaContainer retorna erro em caso de falha" time="0">
    </testcase>
    <testcase classname="Teste do UserController listUsers retorna dados do usuário" name="Teste do UserController listUsers retorna dados do usuário" time="0">
    </testcase>
    <testcase classname="Teste do UserController getUserById retorna usuário pelo ID" name="Teste do UserController getUserById retorna usuário pelo ID" time="0.001">
    </testcase>
    <testcase classname="Teste do UserController createUser retorna mensagem de criação" name="Teste do UserController createUser retorna mensagem de criação" time="0">
    </testcase>
    <testcase classname="Teste de Integração das Rotas e Servidor GET /datetime retorna data e hora" name="Teste de Integração das Rotas e Servidor GET /datetime retorna data e hora" time="0.034">
    </testcase>
    <testcase classname="Teste de Integração das Rotas e Servidor GET /data retorna data e hora" name="Teste de Integração das Rotas e Servidor GET /data retorna data e hora" time="0.003">
    </testcase>
    <testcase classname="Teste de Integração das Rotas e Servidor POST /concat retorna valor concatenado" name="Teste de Integração das Rotas e Servidor POST /concat retorna valor concatenado" time="0.023">
    </testcase>
    <testcase classname="Teste de Integração das Rotas e Servidor POST /calcular-custo-casa-container calcula custo" name="Teste de Integração das Rotas e Servidor POST /calcular-custo-casa-container calcula custo" time="0.003">
    </testcase>
    <testcase classname="Teste de Integração das Rotas e Servidor GET /users retorna lista de usuários" name="Teste de Integração das Rotas e Servidor GET /users retorna lista de usuários" time="0.002">
    </testcase>
    <testcase classname="Teste de Integração das Rotas e Servidor GET /users/:id retorna usuário pelo ID" name="Teste de Integração das Rotas e Servidor GET /users/:id retorna usuário pelo ID" time="0.003">
    </testcase>
    <testcase classname="Teste de Integração das Rotas e Servidor POST /users cria um novo usuário" name="Teste de Integração das Rotas e Servidor POST /users cria um novo usuário" time="0.002">
    </testcase>
    <testcase classname="Teste de Integração das Rotas e Servidor POST /calcular-custo-casa-container retorna erro com parâmetros inválidos" name="Teste de Integração das Rotas e Servidor POST /calcular-custo-casa-container retorna erro com parâmetros inválidos" time="0.003">
    </testcase>
  </testsuite>
</testsuites>